<?xml version="1.0" encoding="UTF-8"?>
<!-- Generated by org.testng.reporters.JUnitXMLReporter -->
<testsuite ignored="0" hostname="LAPTOP-TUN1U03P" failures="0" tests="4" name="Car Name and Price Test" time="34.741" errors="0" timestamp="01 Jul 2023 15:48:51 GMT">
  <testcase classname="testcases.CarNameAndPriceTest" name="carNameAndPrice" time="17.182"/>
  <testcase classname="testcases.CarNameAndPriceTest" name="carNameAndPrice" time="5.472"/>
  <testcase classname="testcases.CarNameAndPriceTest" name="carNameAndPrice" time="5.637"/>
  <testcase classname="testcases.CarNameAndPriceTest" name="carNameAndPrice" time="5.048"/>
</testsuite> <!-- Car Name and Price Test -->
