<?xml version="1.0" encoding="UTF-8"?>
<!-- Generated by org.testng.reporters.JUnitXMLReporter -->
<testsuite ignored="0" hostname="LAPTOP-TUN1U03P" failures="0" tests="4" name="Find New Cars Test" time="0.076" errors="0" timestamp="01 Jul 2023 15:48:16 GMT">
  <testcase classname="testcases.FindNewCarsTest" name="findNewCarTest" time="0.01">
    <skipped/>
  </testcase> <!-- findNewCarTest -->
  <testcase classname="testcases.FindNewCarsTest" name="findNewCarTest" time="0.001">
    <skipped/>
  </testcase> <!-- findNewCarTest -->
  <testcase classname="testcases.FindNewCarsTest" name="findNewCarTest" time="0.001">
    <skipped/>
  </testcase> <!-- findNewCarTest -->
  <testcase classname="testcases.FindNewCarsTest" name="findNewCarTest" time="0.001">
    <skipped/>
  </testcase> <!-- findNewCarTest -->
</testsuite> <!-- Find New Cars Test -->
